[0mPOST /api/movies [33m400[0m 337.647 ms - 37[0m
[0mPOST /api/movies [33m400[0m 49.956 ms - 37[0m
[0mPOST /api/movies [33m400[0m 41.416 ms - 37[0m
[0mPOST /api/movies [33m400[0m 42.210 ms - 37[0m
[0mPOST /api/movies [33m400[0m 42.791 ms - 37[0m
[0mPOST /api/movies [32m200[0m 112.999 ms - 37[0m
[0mGET /api/movies [32m200[0m 451.808 ms - 6948[0m
[0mGET /api/movies [36m304[0m 338.043 ms - -[0m
[0mGET /api/movies [36m304[0m 56.969 ms - -[0m
[0mGET /api/movies [36m304[0m 58.888 ms - -[0m
[0mGET /api/movies [36m304[0m 56.117 ms - -[0m
[0mGET /api/movies [36m304[0m 61.936 ms - -[0m
[0mGET /api/movies [36m304[0m 67.506 ms - -[0m
[0mGET /api/movies [36m304[0m 54.639 ms - -[0m
[0mGET /api/movies [36m304[0m 61.255 ms - -[0m
[0mGET /api/movies [36m304[0m 50.150 ms - -[0m
[0mGET /api/movies [36m304[0m 49.357 ms - -[0m
[0mGET /api/movies [36m304[0m 54.189 ms - -[0m
[0mGET /api/movies [36m304[0m 47.874 ms - -[0m
[0mGET /api/movies [36m304[0m 49.316 ms - -[0m
[0mGET /api/movies [36m304[0m 51.850 ms - -[0m
[0mGET /api/movies [36m304[0m 54.462 ms - -[0m
[0mGET /api/movies [36m304[0m 58.994 ms - -[0m
[0mGET /api/movies [36m304[0m 56.872 ms - -[0m
[0mGET /api/movies [36m304[0m 50.545 ms - -[0m
[0mGET /api/movies [36m304[0m 48.756 ms - -[0m
[0mGET /api/movies [36m304[0m 53.786 ms - -[0m
[0mGET /api/movies [36m304[0m 48.429 ms - -[0m
[0mGET /api/movies [36m304[0m 53.618 ms - -[0m
[0mGET /api/movies [36m304[0m 47.171 ms - -[0m
[0mGET /api/movies [36m304[0m 52.243 ms - -[0m
[0mGET /api/movies [36m304[0m 45.639 ms - -[0m
[0mGET /api/movies [36m304[0m 45.533 ms - -[0m
[0mGET /api/movies [36m304[0m 46.338 ms - -[0m
[0mGET /api/movies [36m304[0m 48.700 ms - -[0m
[0mGET /api/movies [36m304[0m 44.941 ms - -[0m
[0mGET /api/movies [36m304[0m 52.943 ms - -[0m
[0mGET /api/movies [36m304[0m 51.778 ms - -[0m
[0mGET /api/movies [36m304[0m 60.024 ms - -[0m
[0mGET /api/movies [36m304[0m 46.413 ms - -[0m
[0mGET /api/movies [36m304[0m 52.035 ms - -[0m
[0mGET /api/movies [36m304[0m 48.416 ms - -[0m
[0mGET /api/movies [36m304[0m 46.230 ms - -[0m
[0mGET /api/movies [36m304[0m 53.966 ms - -[0m
[0mGET /api/movies [36m304[0m 46.724 ms - -[0m
[0mGET /api/movies [36m304[0m 44.853 ms - -[0m
[0mGET /api/movies [36m304[0m 54.387 ms - -[0m
[0mGET /api/movies [36m304[0m 46.063 ms - -[0m
[0mGET /api/movies [36m304[0m 54.140 ms - -[0m
[0mGET /api/movies [36m304[0m 48.994 ms - -[0m
[0mGET /api/movies [36m304[0m 46.237 ms - -[0m
[0mGET /api/movies [36m304[0m 54.092 ms - -[0m
[0mGET /api/movies [36m304[0m 50.973 ms - -[0m
[0mGET /api/movies [36m304[0m 50.960 ms - -[0m
[0mGET /api/movies [36m304[0m 50.671 ms - -[0m
[0mGET /api/movies [36m304[0m 53.088 ms - -[0m
[0mGET /api/movies [36m304[0m 44.805 ms - -[0m
[0mGET /api/movies [36m304[0m 51.243 ms - -[0m
[0mGET /api/movies [36m304[0m 60.220 ms - -[0m
[0mGET /api/movies [36m304[0m 46.248 ms - -[0m
[0mGET /api/movies [36m304[0m 47.619 ms - -[0m
[0mGET /api/movies [36m304[0m 46.492 ms - -[0m
[0mGET /api/movies [36m304[0m 52.046 ms - -[0m
[0mGET /api/movies [36m304[0m 52.254 ms - -[0m
[0mGET /api/movies [36m304[0m 45.359 ms - -[0m
[0mGET /api/movies [36m304[0m 53.922 ms - -[0m
[0mGET /api/movies [36m304[0m 51.155 ms - -[0m
[0mGET /api/movies [36m304[0m 51.056 ms - -[0m
[0mGET /api/movies [36m304[0m 45.126 ms - -[0m
[0mGET /api/movies [36m304[0m 51.566 ms - -[0m
[0mGET /api/movies [36m304[0m 50.266 ms - -[0m
[0mGET /api/movies [36m304[0m 52.053 ms - -[0m
[0mGET /api/movies [36m304[0m 46.177 ms - -[0m
[0mGET /api/movies [36m304[0m 45.373 ms - -[0m
[0mGET /api/movies [36m304[0m 43.278 ms - -[0m
[0mGET /api/movies [36m304[0m 44.373 ms - -[0m
[0mGET /api/movies [36m304[0m 45.122 ms - -[0m
[0mGET /api/movies [36m304[0m 45.482 ms - -[0m
[0mGET /api/movies [36m304[0m 46.872 ms - -[0m
[0mGET /api/movies [36m304[0m 50.134 ms - -[0m
[0mGET /api/movies [36m304[0m 47.654 ms - -[0m
[0mGET /api/movies [36m304[0m 46.667 ms - -[0m
[0mGET /api/movies [36m304[0m 43.815 ms - -[0m
[0mGET /api/movies [36m304[0m 46.046 ms - -[0m
[0mGET /api/movies [36m304[0m 47.403 ms - -[0m
[0mGET /api/movies [36m304[0m 43.954 ms - -[0m
[0mGET /api/movies [36m304[0m 43.507 ms - -[0m
[0mGET /api/movies [36m304[0m 45.463 ms - -[0m
[0mGET /api/movies [36m304[0m 49.888 ms - -[0m
[0mGET /api/movies [36m304[0m 45.050 ms - -[0m
[0mGET /api/movies [36m304[0m 45.736 ms - -[0m
[0mGET /api/movies [36m304[0m 46.418 ms - -[0m
[0mGET /api/movies [36m304[0m 48.316 ms - -[0m
[0mGET /api/movies [36m304[0m 44.613 ms - -[0m
[0mGET /api/movies [36m304[0m 51.288 ms - -[0m
[0mGET /api/movies [36m304[0m 57.129 ms - -[0m
[0mGET /api/movies [36m304[0m 45.049 ms - -[0m
[0mGET /api/movies [36m304[0m 43.280 ms - -[0m
[0mGET /api/movies [36m304[0m 43.373 ms - -[0m
[0mGET /api/movies [36m304[0m 44.944 ms - -[0m
[0mGET /api/movies [36m304[0m 44.247 ms - -[0m
[0mGET /api/movies [36m304[0m 44.124 ms - -[0m
[0mGET /api/movies [36m304[0m 55.202 ms - -[0m
[0mGET /api/movies [36m304[0m 45.544 ms - -[0m
[0mGET /api/movies [36m304[0m 48.716 ms - -[0m
[0mGET /api/movies [36m304[0m 44.306 ms - -[0m
[0mGET /api/movies [36m304[0m 56.176 ms - -[0m
[0mGET /api/movies [36m304[0m 44.933 ms - -[0m
[0mGET /api/movies [36m304[0m 43.050 ms - -[0m
[0mGET /api/movies [36m304[0m 44.703 ms - -[0m
[0mGET /api/movies [36m304[0m 43.515 ms - -[0m
[0mGET /api/movies [36m304[0m 49.492 ms - -[0m
[0mGET /api/movies [36m304[0m 49.663 ms - -[0m
[0mGET /api/movies [36m304[0m 45.198 ms - -[0m
[0mGET /api/movies [36m304[0m 44.942 ms - -[0m
[0mGET /api/movies [36m304[0m 49.058 ms - -[0m
[0mGET /api/movies [36m304[0m 48.152 ms - -[0m
[0mGET /api/movies [36m304[0m 48.903 ms - -[0m
[0mGET /api/movies [36m304[0m 49.157 ms - -[0m
[0mGET /api/movies [36m304[0m 49.773 ms - -[0m
[0mGET /api/movies [36m304[0m 44.685 ms - -[0m
[0mGET /api/movies [36m304[0m 44.473 ms - -[0m
[0mGET /api/movies [36m304[0m 48.282 ms - -[0m
[0mGET /api/movies [36m304[0m 48.031 ms - -[0m
[0mGET /api/movies [36m304[0m 48.190 ms - -[0m
[0mGET /api/movies [36m304[0m 49.058 ms - -[0m
[0mGET /api/movies [36m304[0m 45.074 ms - -[0m
[0mGET /api/movies [36m304[0m 49.359 ms - -[0m
[0mGET /api/movies [36m304[0m 44.600 ms - -[0m
[0mGET /api/movies [36m304[0m 50.013 ms - -[0m
[0mGET /api/movies [36m304[0m 44.944 ms - -[0m
[0mGET /api/movies [36m304[0m 44.829 ms - -[0m
[0mGET /api/movies [36m304[0m 44.149 ms - -[0m
[0mGET /api/movies [36m304[0m 51.008 ms - -[0m
[0mGET /api/movies [36m304[0m 47.896 ms - -[0m
[0mGET /api/movies [36m304[0m 48.230 ms - -[0m
[0mGET /api/movies [36m304[0m 48.304 ms - -[0m
[0mGET /api/movies [36m304[0m 49.751 ms - -[0m
[0mGET /api/movies [36m304[0m 49.298 ms - -[0m
[0mGET /api/movies [36m304[0m 47.232 ms - -[0m
[0mGET /api/movies [36m304[0m 45.198 ms - -[0m
[0mGET /api/movies [36m304[0m 48.090 ms - -[0m
[0mGET /api/movies [36m304[0m 43.312 ms - -[0m
[0mGET /api/movies [36m304[0m 47.598 ms - -[0m
[0mGET /api/movies [36m304[0m 47.636 ms - -[0m
[0mGET /api/movies [36m304[0m 53.751 ms - -[0m
[0mGET /api/movies [36m304[0m 52.660 ms - -[0m
[0mGET /api/movies [36m304[0m 47.001 ms - -[0m
[0mGET /api/movies [36m304[0m 43.790 ms - -[0m
[0mGET /api/movies [36m304[0m 47.937 ms - -[0m
[0mGET /api/movies [36m304[0m 47.332 ms - -[0m
[0mGET /api/movies [36m304[0m 49.076 ms - -[0m
[0mGET /api/movies [36m304[0m 56.631 ms - -[0m
[0mGET /api/movies [36m304[0m 48.717 ms - -[0m
[0mGET /api/movies [36m304[0m 49.160 ms - -[0m
[0mGET /api/movies [36m304[0m 48.206 ms - -[0m
[0mGET /api/movies [36m304[0m 51.772 ms - -[0m
[0mGET /api/movies [36m304[0m 48.907 ms - -[0m
[0mGET /api/movies [36m304[0m 43.667 ms - -[0m
[0mGET /api/movies [36m304[0m 43.231 ms - -[0m
[0mGET /api/movies [36m304[0m 50.813 ms - -[0m
[0mGET /api/movies [36m304[0m 43.015 ms - -[0m
[0mGET /api/movies [36m304[0m 43.292 ms - -[0m
[0mGET /api/movies [36m304[0m 44.101 ms - -[0m
[0mGET /api/movies [36m304[0m 57.629 ms - -[0m
[0mGET /api/movies [36m304[0m 50.322 ms - -[0m
[0mGET /api/movies [36m304[0m 48.592 ms - -[0m
[0mGET /api/movies [36m304[0m 48.422 ms - -[0m
[0mGET /api/movies [36m304[0m 44.363 ms - -[0m
[0mGET /api/movies [36m304[0m 43.556 ms - -[0m
[0mGET /api/movies [36m304[0m 43.552 ms - -[0m
[0mGET /api/movies [36m304[0m 44.196 ms - -[0m
[0mGET /api/movies [36m304[0m 43.668 ms - -[0m
[0mGET /api/movies [36m304[0m 48.390 ms - -[0m
[0mGET /api/movies [36m304[0m 43.843 ms - -[0m
[0mGET /api/movies [36m304[0m 48.269 ms - -[0m
[0mGET /api/movies [36m304[0m 43.001 ms - -[0m
[0mGET /api/movies [36m304[0m 45.729 ms - -[0m
[0mGET /api/movies [36m304[0m 43.963 ms - -[0m
[0mGET /api/movies [36m304[0m 51.589 ms - -[0m
[0mGET /api/movies [36m304[0m 48.729 ms - -[0m
[0mGET /api/movies [36m304[0m 47.598 ms - -[0m
[0mGET /api/movies [36m304[0m 48.417 ms - -[0m
[0mGET /api/movies [36m304[0m 47.330 ms - -[0m
[0mGET /api/movies [36m304[0m 56.850 ms - -[0m
[0mGET /api/movies [36m304[0m 44.754 ms - -[0m
[0mGET /api/movies [36m304[0m 44.436 ms - -[0m
[0mGET /api/movies [36m304[0m 50.026 ms - -[0m
[0mGET /api/movies [36m304[0m 43.886 ms - -[0m
[0mGET /api/movies [36m304[0m 52.409 ms - -[0m
[0mGET /api/movies [36m304[0m 43.246 ms - -[0m
[0mGET /api/movies [36m304[0m 44.271 ms - -[0m
[0mGET /api/movies [36m304[0m 46.416 ms - -[0m
[0mGET /api/movies [36m304[0m 46.181 ms - -[0m
[0mGET /api/movies [36m304[0m 43.400 ms - -[0m
[0mGET /api/movies [36m304[0m 43.080 ms - -[0m
[0mGET /api/movies [36m304[0m 42.893 ms - -[0m
[0mGET /api/movies [36m304[0m 44.626 ms - -[0m
[0mGET /api/movies [36m304[0m 45.228 ms - -[0m
[0mGET /api/movies [36m304[0m 45.566 ms - -[0m
[0mGET /api/movies [36m304[0m 43.500 ms - -[0m
[0mGET /api/movies [36m304[0m 44.319 ms - -[0m
[0mGET /api/movies [36m304[0m 43.160 ms - -[0m
[0mGET /api/movies [36m304[0m 49.592 ms - -[0m
[0mGET /api/movies [36m304[0m 44.924 ms - -[0m
[0mGET /api/movies [36m304[0m 49.410 ms - -[0m
[0mGET /api/movies [36m304[0m 44.475 ms - -[0m
[0mGET /api/movies [36m304[0m 45.484 ms - -[0m
[0mGET /api/movies [36m304[0m 47.895 ms - -[0m
[0mGET /api/movies [36m304[0m 43.671 ms - -[0m
[0mGET /api/movies [36m304[0m 47.921 ms - -[0m
[0mGET /api/movies [36m304[0m 43.818 ms - -[0m
[0mGET /api/movies [36m304[0m 43.729 ms - -[0m
[0mGET /api/movies [36m304[0m 47.572 ms - -[0m
[0mGET /api/movies [36m304[0m 47.623 ms - -[0m
[0mGET /api/movies [36m304[0m 45.233 ms - -[0m
[0mGET /api/movies [36m304[0m 48.162 ms - -[0m
[0mGET /api/movies [36m304[0m 42.956 ms - -[0m
[0mGET /api/movies [36m304[0m 47.749 ms - -[0m
[0mGET /api/movies [36m304[0m 47.401 ms - -[0m
[0mGET /api/movies [36m304[0m 47.534 ms - -[0m
[0mGET /api/movies [36m304[0m 47.242 ms - -[0m
[0mGET /api/movies [36m304[0m 44.139 ms - -[0m
[0mGET /api/movies [36m304[0m 44.271 ms - -[0m
[0mGET /api/movies [36m304[0m 48.279 ms - -[0m
[0mGET /api/movies [36m304[0m 49.335 ms - -[0m
[0mGET /api/movies [36m304[0m 54.009 ms - -[0m
[0mGET /api/movies [36m304[0m 43.778 ms - -[0m
[0mGET /api/movies [36m304[0m 51.493 ms - -[0m
[0mGET /api/movies [36m304[0m 43.406 ms - -[0m
[0mGET /api/movies [36m304[0m 45.917 ms - -[0m
[0mGET /api/movies [36m304[0m 48.907 ms - -[0m
[0mGET /api/movies [36m304[0m 48.372 ms - -[0m
[0mGET /api/movies [36m304[0m 44.247 ms - -[0m
[0mGET /api/movies [36m304[0m 43.333 ms - -[0m
[0mGET /api/movies [36m304[0m 43.109 ms - -[0m
[0mGET /api/movies [36m304[0m 43.247 ms - -[0m
[0mGET /api/movies [36m304[0m 46.275 ms - -[0m
[0mGET /api/movies [36m304[0m 47.784 ms - -[0m
[0mGET /api/movies [36m304[0m 50.301 ms - -[0m
[0mGET /api/movies [36m304[0m 42.853 ms - -[0m
[0mGET /api/movies [36m304[0m 43.696 ms - -[0m
[0mGET /api/movies [36m304[0m 43.211 ms - -[0m
[0mGET /api/movies [36m304[0m 43.006 ms - -[0m
[0mGET /api/movies [36m304[0m 42.725 ms - -[0m
[0mGET /api/movies [36m304[0m 48.851 ms - -[0m
[0mGET /api/movies [36m304[0m 47.466 ms - -[0m
[0mGET /api/movies [36m304[0m 48.445 ms - -[0m
[0mGET /api/movies [36m304[0m 47.238 ms - -[0m
[0mGET /api/movies [36m304[0m 46.856 ms - -[0m
[0mGET /api/movies [36m304[0m 43.589 ms - -[0m
[0mGET /api/movies [36m304[0m 47.303 ms - -[0m
[0mGET /api/movies [36m304[0m 47.720 ms - -[0m
[0mGET /api/movies [36m304[0m 47.564 ms - -[0m
[0mGET /api/movies [36m304[0m 42.451 ms - -[0m
[0mGET /api/movies [36m304[0m 44.412 ms - -[0m
[0mGET /api/movies [36m304[0m 42.094 ms - -[0m
[0mGET /api/movies [36m304[0m 47.635 ms - -[0m
[0mGET /api/movies [36m304[0m 48.115 ms - -[0m
[0mGET /api/movies [36m304[0m 47.696 ms - -[0m
[0mGET /api/movies [36m304[0m 47.795 ms - -[0m
[0mGET /api/movies [36m304[0m 49.639 ms - -[0m
[0mGET /api/movies [36m304[0m 62.415 ms - -[0m
[0mGET /api/movies [36m304[0m 44.049 ms - -[0m
[0mGET /api/movies [36m304[0m 47.959 ms - -[0m
[0mGET /api/movies [36m304[0m 44.130 ms - -[0m
[0mGET /api/movies [36m304[0m 47.419 ms - -[0m
[0mGET /api/movies [36m304[0m 43.983 ms - -[0m
[0mGET /api/movies [36m304[0m 42.707 ms - -[0m
[0mGET /api/movies [36m304[0m 42.542 ms - -[0m
[0mGET /api/movies [36m304[0m 43.430 ms - -[0m
[0mGET /api/movies [36m304[0m 43.891 ms - -[0m
[0mGET /api/movies [36m304[0m 47.005 ms - -[0m
[0mGET /api/movies [36m304[0m 48.630 ms - -[0m
[0mGET /api/movies [36m304[0m 43.089 ms - -[0m
[0mGET /api/movies [36m304[0m 47.145 ms - -[0m
[0mGET /api/movies [36m304[0m 43.253 ms - -[0m
[0mGET /api/movies [36m304[0m 42.749 ms - -[0m
[0mGET /api/movies [36m304[0m 46.898 ms - -[0m
[0mGET /api/movies [36m304[0m 49.727 ms - -[0m
[0mGET /api/movies [36m304[0m 47.452 ms - -[0m
[0mGET /api/movies [36m304[0m 43.193 ms - -[0m
[0mGET /api/movies [36m304[0m 47.725 ms - -[0m
[0mGET /api/movies [36m304[0m 49.460 ms - -[0m
[0mGET /api/movies [36m304[0m 47.542 ms - -[0m
[0mGET /api/movies [36m304[0m 51.630 ms - -[0m
[0mGET /api/movies [36m304[0m 43.124 ms - -[0m
[0mGET /api/movies [36m304[0m 43.701 ms - -[0m
[0mGET /api/movies [36m304[0m 44.059 ms - -[0m
[0mGET /api/movies [36m304[0m 47.505 ms - -[0m
[0mGET /api/movies [36m304[0m 53.359 ms - -[0m
[0mGET /api/movies [36m304[0m 47.477 ms - -[0m
[0mGET /api/movies [36m304[0m 42.864 ms - -[0m
[0mGET /api/movies [36m304[0m 48.755 ms - -[0m
[0mGET /api/movies [36m304[0m 41.883 ms - -[0m
[0mGET /api/movies [36m304[0m 44.251 ms - -[0m
[0mGET /api/movies [36m304[0m 44.686 ms - -[0m
[0mGET /api/movies [36m304[0m 43.821 ms - -[0m
[0mGET /api/movies [36m304[0m 43.111 ms - -[0m
[0mGET /api/movies [36m304[0m 42.907 ms - -[0m
[0mGET /api/movies [36m304[0m 43.480 ms - -[0m
[0mGET /api/movies [36m304[0m 43.655 ms - -[0m
[0mGET /api/movies [36m304[0m 43.968 ms - -[0m
[0mGET /api/movies [36m304[0m 48.278 ms - -[0m
[0mGET /api/movies [36m304[0m 47.140 ms - -[0m
[0mGET /api/movies [36m304[0m 47.108 ms - -[0m
[0mGET /api/movies [36m304[0m 47.871 ms - -[0m
[0mGET /api/movies [36m304[0m 44.089 ms - -[0m
[0mGET /api/movies [36m304[0m 43.338 ms - -[0m
[0mGET /api/movies [36m304[0m 44.418 ms - -[0m
[0mGET /api/movies [36m304[0m 43.749 ms - -[0m
[0mGET /api/movies [36m304[0m 44.173 ms - -[0m
[0mGET /api/movies [36m304[0m 42.143 ms - -[0m
[0mGET /api/movies [36m304[0m 42.706 ms - -[0m
[0mGET /api/movies [36m304[0m 46.433 ms - -[0m
[0mGET /api/movies [36m304[0m 47.540 ms - -[0m
[0mGET /api/movies [36m304[0m 42.586 ms - -[0m
[0mGET /api/movies [36m304[0m 42.551 ms - -[0m
[0mGET /api/movies [36m304[0m 47.171 ms - -[0m
[0mGET /api/movies [36m304[0m 49.200 ms - -[0m
[0mGET /api/movies [36m304[0m 43.279 ms - -[0m
[0mGET /api/movies [36m304[0m 47.349 ms - -[0m
[0mGET /api/movies [36m304[0m 43.160 ms - -[0m
[0mGET /api/movies [36m304[0m 43.908 ms - -[0m
[0mGET /api/movies [36m304[0m 43.551 ms - -[0m
[0mGET /api/movies [36m304[0m 46.862 ms - -[0m
[0mGET /api/movies [36m304[0m 42.978 ms - -[0m
[0mGET /api/movies [36m304[0m 46.697 ms - -[0m
[0mGET /api/movies [36m304[0m 47.062 ms - -[0m
[0mGET /api/movies [36m304[0m 47.876 ms - -[0m
[0mGET /api/movies [36m304[0m 47.568 ms - -[0m
[0mGET /api/movies [36m304[0m 48.778 ms - -[0m
[0mGET /api/movies [36m304[0m 42.304 ms - -[0m
[0mGET /api/movies [36m304[0m 43.219 ms - -[0m
[0mGET /api/movies [36m304[0m 43.140 ms - -[0m
[0mGET /api/movies [36m304[0m 49.205 ms - -[0m
[0mGET /api/movies [36m304[0m 47.301 ms - -[0m
[0mGET /api/movies [36m304[0m 47.730 ms - -[0m
[0mGET /api/movies [36m304[0m 46.502 ms - -[0m
[0mGET /api/movies [36m304[0m 47.415 ms - -[0m
[0mGET /api/movies [36m304[0m 41.877 ms - -[0m
[0mGET /api/movies [36m304[0m 47.435 ms - -[0m
[0mGET /api/movies [36m304[0m 49.215 ms - -[0m
[0mGET /api/movies [36m304[0m 47.026 ms - -[0m
[0mGET /api/movies [36m304[0m 48.576 ms - -[0m
[0mGET /api/movies [36m304[0m 46.661 ms - -[0m
[0mGET /api/movies [36m304[0m 44.567 ms - -[0m
[0mGET /api/movies [36m304[0m 47.086 ms - -[0m
[0mGET /api/movies [36m304[0m 42.838 ms - -[0m
[0mGET /api/movies [36m304[0m 42.777 ms - -[0m
[0mGET /api/movies [36m304[0m 48.671 ms - -[0m
[0mGET /api/movies [36m304[0m 49.035 ms - -[0m
[0mGET /api/movies [36m304[0m 47.273 ms - -[0m
[0mGET /api/movies [36m304[0m 47.761 ms - -[0m
[0mGET /api/movies [36m304[0m 43.920 ms - -[0m
[0mGET /api/movies [36m304[0m 42.360 ms - -[0m
[0mGET /api/movies [36m304[0m 47.319 ms - -[0m
[0mGET /api/movies [36m304[0m 46.656 ms - -[0m
[0mGET /api/movies [36m304[0m 48.533 ms - -[0m
[0mGET /api/movies [36m304[0m 46.666 ms - -[0m
[0mGET /api/movies [36m304[0m 47.490 ms - -[0m
[0mGET /api/movies [36m304[0m 47.765 ms - -[0m
[0mGET /api/movies [36m304[0m 43.167 ms - -[0m
[0mGET /api/movies [36m304[0m 46.265 ms - -[0m
[0mGET /api/movies [36m304[0m 42.849 ms - -[0m
[0mGET /api/movies [36m304[0m 43.697 ms - -[0m
[0mGET /api/movies [36m304[0m 45.366 ms - -[0m
[0mGET /api/movies [36m304[0m 45.330 ms - -[0m
[0mGET /api/movies [36m304[0m 45.213 ms - -[0m
[0mGET /api/movies [36m304[0m 44.548 ms - -[0m
[0mGET /api/movies [36m304[0m 46.021 ms - -[0m
[0mGET /api/movies [36m304[0m 43.954 ms - -[0m
[0mGET /api/movies [36m304[0m 43.535 ms - -[0m
[0mGET /api/movies [36m304[0m 43.182 ms - -[0m
[0mGET /api/movies [36m304[0m 50.425 ms - -[0m
[0mGET /api/movies [36m304[0m 50.790 ms - -[0m
[0mGET /api/movies [36m304[0m 44.573 ms - -[0m
[0mGET /api/movies [36m304[0m 50.447 ms - -[0m
[0mGET /api/movies [36m304[0m 43.855 ms - -[0m
[0mGET /api/movies [36m304[0m 47.202 ms - -[0m
[0mGET /api/movies [36m304[0m 44.367 ms - -[0m
[0mGET /api/movies [36m304[0m 44.339 ms - -[0m
[0mGET /api/movies [36m304[0m 44.979 ms - -[0m
[0mGET /api/movies [36m304[0m 51.610 ms - -[0m
[0mGET /api/movies [36m304[0m 46.237 ms - -[0m
[0mGET /api/movies [36m304[0m 54.385 ms - -[0m
[0mGET /api/movies [36m304[0m 43.424 ms - -[0m
[0mGET /api/movies [36m304[0m 42.227 ms - -[0m
[0mGET /api/movies [36m304[0m 42.947 ms - -[0m
[0mGET /api/movies [36m304[0m 48.002 ms - -[0m
[0mGET /api/movies [36m304[0m 49.433 ms - -[0m
[0mGET /api/movies [36m304[0m 47.032 ms - -[0m
[0mGET /api/movies [36m304[0m 45.065 ms - -[0m
[0mGET /api/movies [36m304[0m 46.776 ms - -[0m
[0mGET /api/movies [36m304[0m 47.605 ms - -[0m
[0mGET /api/movies [36m304[0m 48.120 ms - -[0m
[0mGET /api/movies [36m304[0m 47.663 ms - -[0m
[0mGET /api/movies [36m304[0m 49.479 ms - -[0m
[0mGET /api/movies [36m304[0m 44.252 ms - -[0m
[0mGET /api/movies [36m304[0m 48.178 ms - -[0m
[0mGET /api/movies [36m304[0m 47.285 ms - -[0m
[0mGET /api/movies [36m304[0m 47.108 ms - -[0m
[0mGET /api/movies [36m304[0m 46.880 ms - -[0m
[0mGET /api/movies [36m304[0m 47.651 ms - -[0m
[0mGET /api/movies [36m304[0m 46.841 ms - -[0m
[0mGET /api/movies [36m304[0m 56.628 ms - -[0m
[0mGET /api/movies [36m304[0m 48.975 ms - -[0m
[0mGET /api/movies [36m304[0m 44.714 ms - -[0m
[0mGET /api/movies [36m304[0m 43.413 ms - -[0m
[0mGET /api/movies [36m304[0m 43.733 ms - -[0m
[0mGET /api/movies [36m304[0m 46.776 ms - -[0m
[0mGET /api/movies [36m304[0m 42.477 ms - -[0m
[0mGET /api/movies [36m304[0m 43.600 ms - -[0m
[0mGET /api/movies [36m304[0m 43.296 ms - -[0m
[0mGET /api/movies [36m304[0m 43.432 ms - -[0m
[0mGET /api/movies [36m304[0m 43.396 ms - -[0m
[0mGET /api/movies [36m304[0m 42.789 ms - -[0m
[0mGET /api/movies [36m304[0m 47.214 ms - -[0m
[0mGET /api/movies [36m304[0m 47.177 ms - -[0m
[0mGET /api/movies [36m304[0m 49.101 ms - -[0m
[0mGET /api/movies [36m304[0m 47.805 ms - -[0m
[0mGET /api/movies [36m304[0m 47.600 ms - -[0m
[0mGET /api/movies [36m304[0m 43.148 ms - -[0m
[0mGET /api/movies [36m304[0m 47.202 ms - -[0m
[0mGET /api/movies [36m304[0m 47.502 ms - -[0m
[0mGET /api/movies [36m304[0m 42.680 ms - -[0m
[0mGET /api/movies [36m304[0m 54.940 ms - -[0m
[0mGET /api/movies [36m304[0m 43.905 ms - -[0m
[0mGET /api/movies [36m304[0m 47.522 ms - -[0m
[0mGET /api/movies [36m304[0m 48.131 ms - -[0m
[0mGET /api/movies [36m304[0m 45.156 ms - -[0m
[0mGET /api/movies [36m304[0m 45.165 ms - -[0m
[0mGET /api/movies [36m304[0m 45.021 ms - -[0m
[0mGET /api/movies [36m304[0m 43.918 ms - -[0m
[0mGET /api/movies [36m304[0m 42.899 ms - -[0m
[0mGET /api/movies [36m304[0m 45.914 ms - -[0m
[0mGET /api/movies [36m304[0m 44.963 ms - -[0m
[0mGET /api/movies [36m304[0m 47.614 ms - -[0m
[0mGET /api/movies [36m304[0m 46.461 ms - -[0m
[0mGET /api/movies [36m304[0m 45.153 ms - -[0m
[0mGET /api/movies [36m304[0m 44.121 ms - -[0m
[0mGET /api/movies [36m304[0m 44.850 ms - -[0m
[0mGET /api/movies [36m304[0m 44.499 ms - -[0m
[0mGET /api/movies [36m304[0m 45.170 ms - -[0m
[0mGET /api/movies [36m304[0m 45.148 ms - -[0m
[0mGET /api/movies [36m304[0m 43.392 ms - -[0m
[0mGET /api/movies [36m304[0m 44.793 ms - -[0m
[0mGET /api/movies [36m304[0m 47.636 ms - -[0m
[0mGET /api/movies [36m304[0m 47.169 ms - -[0m
[0mGET /api/movies [32m200[0m 370.754 ms - 6948[0m
[0mGET /api/movies [36m304[0m 78.983 ms - -[0m
[0mGET /api/movies [36m304[0m 57.622 ms - -[0m
[0mGET /api/movies [36m304[0m 56.886 ms - -[0m
[0mGET /api/movies [36m304[0m 74.304 ms - -[0m
[0mGET /api/movies [36m304[0m 58.059 ms - -[0m
[0mGET /api/movies [36m304[0m 57.116 ms - -[0m
[0mGET /api/movies [36m304[0m 60.863 ms - -[0m
[0mGET /api/movies [36m304[0m 51.837 ms - -[0m
[0mGET /api/movies [36m304[0m 61.981 ms - -[0m
[0mGET /api/movies [36m304[0m 59.076 ms - -[0m
[0mGET /api/movies [36m304[0m 53.627 ms - -[0m
[0mGET /api/movies [36m304[0m 52.683 ms - -[0m
[0mGET /api/movies [36m304[0m 54.371 ms - -[0m
[0mGET /api/movies [36m304[0m 58.927 ms - -[0m
[0mGET /api/movies [36m304[0m 53.680 ms - -[0m
[0mGET /api/movies [36m304[0m 60.331 ms - -[0m
[0mGET /api/movies [36m304[0m 50.897 ms - -[0m
[0mGET /api/movies [36m304[0m 51.454 ms - -[0m
[0mGET /api/movies [36m304[0m 61.812 ms - -[0m
[0mGET /api/movies [36m304[0m 52.548 ms - -[0m
[0mGET /api/movies [36m304[0m 51.347 ms - -[0m
[0mGET /api/movies [32m200[0m 466.328 ms - 6948[0m
[0mGET /api/movies [36m304[0m 65.743 ms - -[0m
[0mGET /api/movies [36m304[0m 63.652 ms - -[0m
[0mGET /api/movies [36m304[0m 77.290 ms - -[0m
[0mGET /api/movies [36m304[0m 77.632 ms - -[0m
[0mGET /api/movies [36m304[0m 61.892 ms - -[0m
[0mGET /api/movies [36m304[0m 60.873 ms - -[0m
[0mGET /api/movies [36m304[0m 80.575 ms - -[0m
[0mGET /api/movies [36m304[0m 55.023 ms - -[0m
[0mGET /api/movies [36m304[0m 59.276 ms - -[0m
[0mGET /api/movies [36m304[0m 54.746 ms - -[0m
[0mGET /api/movies [36m304[0m 56.586 ms - -[0m
[0mGET /api/movies [36m304[0m 56.944 ms - -[0m
[0mGET /api/movies [36m304[0m 56.767 ms - -[0m
[0mGET /api/movies [36m304[0m 60.073 ms - -[0m
[0mGET /api/movies [36m304[0m 58.513 ms - -[0m
[0mGET /api/movies [36m304[0m 60.039 ms - -[0m
[0mGET /api/movies [36m304[0m 55.898 ms - -[0m
[0mGET /api/movies [36m304[0m 54.382 ms - -[0m
[0mGET /api/movies [36m304[0m 66.022 ms - -[0m
[0mGET /api/movies [36m304[0m 53.560 ms - -[0m
[0mGET /api/movies [36m304[0m 51.478 ms - -[0m
[0mGET /api/movies [36m304[0m 54.050 ms - -[0m
[0mGET /api/movies [36m304[0m 66.304 ms - -[0m
[0mGET /api/movies [36m304[0m 56.433 ms - -[0m
[0mGET /api/movies [36m304[0m 53.190 ms - -[0m
[0mGET /api/movies [36m304[0m 58.483 ms - -[0m
[0mGET /api/movies [36m304[0m 59.759 ms - -[0m
[0mGET /api/movies [36m304[0m 57.222 ms - -[0m
[0mGET /api/movies [36m304[0m 62.607 ms - -[0m
[0mGET /api/movies [36m304[0m 59.236 ms - -[0m
[0mGET /api/movies [36m304[0m 56.076 ms - -[0m
[0mGET /api/movies [36m304[0m 52.840 ms - -[0m
[0mGET /api/movies [36m304[0m 58.541 ms - -[0m
[0mGET /api/movies [36m304[0m 57.312 ms - -[0m
[0mGET /api/movies [36m304[0m 52.460 ms - -[0m
[0mGET /api/movies [36m304[0m 62.168 ms - -[0m
[0mGET /api/movies [36m304[0m 57.252 ms - -[0m
[0mGET /api/movies [36m304[0m 52.434 ms - -[0m
[0mGET /api/movies [36m304[0m 53.499 ms - -[0m
[0mGET /api/movies [36m304[0m 60.464 ms - -[0m
[0mGET /api/movies [36m304[0m 52.774 ms - -[0m
[0mGET /api/movies [36m304[0m 57.829 ms - -[0m
[0mGET /api/movies [36m304[0m 52.754 ms - -[0m
[0mGET /api/movies [36m304[0m 52.088 ms - -[0m
[0mGET /api/movies [36m304[0m 51.877 ms - -[0m
[0mGET /api/movies [36m304[0m 58.959 ms - -[0m
[0mGET /api/movies [36m304[0m 56.296 ms - -[0m
[0mGET /api/movies [36m304[0m 54.175 ms - -[0m
[0mGET /api/movies [36m304[0m 56.216 ms - -[0m
[0mGET /api/movies [36m304[0m 55.979 ms - -[0m
[0mGET /api/movies [36m304[0m 57.079 ms - -[0m
[0mGET /api/movies [36m304[0m 54.001 ms - -[0m
[0mGET /api/movies [36m304[0m 54.689 ms - -[0m
[0mGET /api/movies [36m304[0m 53.695 ms - -[0m
[0mGET /api/movies [36m304[0m 53.563 ms - -[0m
[0mGET /api/movies [36m304[0m 50.770 ms - -[0m
[0mGET /api/movies [36m304[0m 58.222 ms - -[0m
[0mGET /api/movies [36m304[0m 71.236 ms - -[0m
[0mGET /api/movies [36m304[0m 50.983 ms - -[0m
[0mGET /api/movies [36m304[0m 50.124 ms - -[0m
[0mGET /api/movies [36m304[0m 51.131 ms - -[0m
[0mGET /api/movies [36m304[0m 54.326 ms - -[0m
[0mGET /api/movies [36m304[0m 51.708 ms - -[0m
[0mGET /api/movies [36m304[0m 57.817 ms - -[0m
[0mGET /api/movies [36m304[0m 53.904 ms - -[0m
[0mGET /api/movies [36m304[0m 53.972 ms - -[0m
[0mGET /api/movies [36m304[0m 54.363 ms - -[0m
[0mGET /api/movies [36m304[0m 51.575 ms - -[0m
[0mGET /api/movies [36m304[0m 50.421 ms - -[0m
[0mGET /api/movies [36m304[0m 56.522 ms - -[0m
[0mGET /api/movies [36m304[0m 51.636 ms - -[0m
[0mPOST /api/movies/ [31m500[0m 223.685 ms - 55[0m
[0mPOST /api/movies/ [31m500[0m 1.425 ms - 55[0m
[0mPOST /api/movies/ [31m500[0m 37.380 ms - 55[0m
[0mPOST /api/movies/ [31m500[0m 2.226 ms - 55[0m
[0mPOST /api/movies [31m500[0m 36.057 ms - 55[0m
[0mPOST /api/movies [31m500[0m 1.563 ms - 55[0m
[0mPOST /api/movies [31m500[0m 1.174 ms - 55[0m
[0mPOST /api/movies [31m500[0m 1.625 ms - 55[0m
[0mPOST /api/movies [31m500[0m 1.086 ms - 55[0m
[0mPOST /api/movies [31m500[0m 2.428 ms - 55[0m
[0mPOST /api/movies [31m500[0m 1.170 ms - 55[0m
[0mPOST /api/movies [31m500[0m 1.049 ms - 55[0m
[0mPOST /api/movies [31m500[0m 1.031 ms - 55[0m
[0mPOST /api/movies [31m500[0m 1.540 ms - 55[0m
[0mPOST /api/movies [31m500[0m 1.159 ms - 55[0m
[0mGET /api/movies/ [32m200[0m 350.874 ms - 6948[0m
[0mGET /api/movies/ [36m304[0m 62.558 ms - -[0m
[0mGET /api/movies/ [36m304[0m 62.125 ms - -[0m
[0mGET /api/movies/ [36m304[0m 69.407 ms - -[0m
[0mGET /api/movies/ [36m304[0m 59.104 ms - -[0m
[0mGET /api/movies/ [36m304[0m 65.623 ms - -[0m
[0mGET /api/movies/ [36m304[0m 64.473 ms - -[0m
[0mGET /api/movies/ [36m304[0m 60.808 ms - -[0m
[0mGET /api/movies/ [36m304[0m 54.169 ms - -[0m
[0mGET /api/movies/ [36m304[0m 50.525 ms - -[0m
[0mGET /api/movies/ [36m304[0m 54.161 ms - -[0m
[0mGET /api/movies/ [36m304[0m 58.074 ms - -[0m
[0mGET /api/movies/ [36m304[0m 48.798 ms - -[0m
[0mGET /api/movies/ [36m304[0m 50.766 ms - -[0m
[0mGET /api/movies/ [36m304[0m 54.359 ms - -[0m
[0mGET /api/movies/ [36m304[0m 51.308 ms - -[0m
[0mGET /api/movies/ [36m304[0m 56.649 ms - -[0m
[0mGET /api/movies/ [36m304[0m 48.080 ms - -[0m
[0mGET /api/movies/ [36m304[0m 50.623 ms - -[0m
[0mGET /api/movies/ [36m304[0m 53.930 ms - -[0m
[0mGET /api/movies/ [36m304[0m 47.105 ms - -[0m
[0mGET /api/movies/ [36m304[0m 45.991 ms - -[0m
[0mGET /api/movies/ [36m304[0m 52.874 ms - -[0m
[0mGET /api/movies/ [36m304[0m 61.758 ms - -[0m
[0mGET /api/movies/ [36m304[0m 47.384 ms - -[0m
[0mGET /api/movies/ [36m304[0m 44.753 ms - -[0m
[0mGET /api/movies/ [36m304[0m 54.300 ms - -[0m
[0mGET /api/movies/ [36m304[0m 46.229 ms - -[0m
[0mGET /api/movies/ [36m304[0m 46.157 ms - -[0m
[0mGET /api/movies/ [36m304[0m 52.459 ms - -[0m
[0mGET /api/movies/ [36m304[0m 55.512 ms - -[0m
[0mGET /api/movies/ [36m304[0m 49.743 ms - -[0m
[0mGET /api/movies/ [36m304[0m 47.444 ms - -[0m
[0mGET /api/movies/ [36m304[0m 46.757 ms - -[0m
[0mGET /api/movies/ [36m304[0m 46.247 ms - -[0m
[0mGET /api/movies/ [36m304[0m 57.223 ms - -[0m
[0mGET /api/movies/ [36m304[0m 47.101 ms - -[0m
[0mGET /api/movies/ [36m304[0m 47.465 ms - -[0m
[0mGET /api/movies/ [36m304[0m 48.029 ms - -[0m
[0mGET /api/movies/ [36m304[0m 45.720 ms - -[0m
[0mGET /api/movies/ [36m304[0m 48.774 ms - -[0m
[0mGET /api/movies/ [36m304[0m 50.942 ms - -[0m
[0mGET /api/movies/ [36m304[0m 54.129 ms - -[0m
[0mGET /api/movies/ [36m304[0m 46.876 ms - -[0m
[0mGET /api/movies/ [36m304[0m 46.703 ms - -[0m
[0mGET /api/movies/ [36m304[0m 45.760 ms - -[0m
[0mGET /api/movies/ [36m304[0m 46.197 ms - -[0m
[0mGET /api/movies/ [36m304[0m 45.013 ms - -[0m
[0mGET /api/movies/ [36m304[0m 48.888 ms - -[0m
[0mGET /api/movies/ [36m304[0m 56.035 ms - -[0m
[0mGET /api/movies/ [36m304[0m 48.086 ms - -[0m
[0mGET /api/movies/ [36m304[0m 54.797 ms - -[0m
[0mGET /api/movies/ [36m304[0m 45.579 ms - -[0m
[0mGET /api/movies/ [36m304[0m 45.251 ms - -[0m
[0mGET /api/movies/ [36m304[0m 46.875 ms - -[0m
[0mGET /api/movies/ [36m304[0m 46.283 ms - -[0m
[0mGET /api/movies/ [36m304[0m 46.087 ms - -[0m
[0mGET /api/movies/ [36m304[0m 45.406 ms - -[0m
[0mGET /api/movies/ [36m304[0m 44.612 ms - -[0m
[0mGET /api/movies/ [36m304[0m 46.205 ms - -[0m
[0mGET /api/movies/ [36m304[0m 45.281 ms - -[0m
[0mGET /api/movies/ [36m304[0m 50.170 ms - -[0m
[0mGET /api/movies/ [36m304[0m 50.391 ms - -[0m
[0mGET /api/movies/ [36m304[0m 46.113 ms - -[0m
[0mGET /api/movies/ [36m304[0m 47.248 ms - -[0m
[0mGET /api/movies/ [36m304[0m 45.687 ms - -[0m
[0mGET /api/movies/ [36m304[0m 46.782 ms - -[0m
[0mGET /api/movies/ [36m304[0m 53.396 ms - -[0m
[0mGET /api/movies/ [36m304[0m 52.059 ms - -[0m
[0mGET /api/movies/ [36m304[0m 51.444 ms - -[0m
[0mGET /api/movies/ [36m304[0m 44.914 ms - -[0m
[0mGET /api/movies/ [36m304[0m 51.424 ms - -[0m
[0mGET /api/movies/ [36m304[0m 46.999 ms - -[0m
[0mGET /api/movies/ [36m304[0m 70.049 ms - -[0m
[0mGET /api/movies/ [36m304[0m 78.593 ms - -[0m
[0mGET /api/movies/ [36m304[0m 47.876 ms - -[0m
[0mGET /api/movies/ [36m304[0m 47.096 ms - -[0m
[0mGET /api/movies/ [36m304[0m 45.724 ms - -[0m
[0mGET /api/movies/ [36m304[0m 46.352 ms - -[0m
[0mGET /api/movies/ [36m304[0m 45.096 ms - -[0m
[0mGET /api/movies/ [36m304[0m 47.705 ms - -[0m
[0mGET /api/movies/ [36m304[0m 46.708 ms - -[0m
[0mGET /api/movies/ [36m304[0m 45.942 ms - -[0m
[0mGET /api/movies/ [36m304[0m 47.914 ms - -[0m
[0mGET /api/movies/ [36m304[0m 50.348 ms - -[0m
[0mGET /api/movies/ [36m304[0m 46.170 ms - -[0m
[0mGET /api/movies/ [36m304[0m 45.927 ms - -[0m
[0mGET /api/movies/ [36m304[0m 44.468 ms - -[0m
[0mGET /api/movies/ [36m304[0m 45.234 ms - -[0m
[0mGET /api/movies/ [36m304[0m 43.854 ms - -[0m
[0mGET /api/movies/ [36m304[0m 44.456 ms - -[0m
[0mGET /api/movies/ [36m304[0m 48.328 ms - -[0m
[0mGET /api/movies/ [36m304[0m 352.384 ms - -[0m
[0mGET /api/movies/ [36m304[0m 61.698 ms - -[0m
[0mGET /api/movies/ [36m304[0m 332.320 ms - -[0m
[0mGET /api/movies/ [36m304[0m 63.993 ms - -[0m
[0mGET /api/movies/ [36m304[0m 337.541 ms - -[0m
[0mGET /api/movies/ [36m304[0m 325.339 ms - -[0m
[0mGET /api/movies/ [36m304[0m 56.432 ms - -[0m
[0mGET /api/movies/ [36m304[0m 55.112 ms - -[0m
[0mGET /api/movies/ [36m304[0m 55.974 ms - -[0m
[0mGET /api/movies/ [36m304[0m 60.029 ms - -[0m
[0mGET /api/movies/ [36m304[0m 70.813 ms - -[0m
[0mGET /api/movies/ [36m304[0m 55.222 ms - -[0m
[0mGET /api/movies/ [36m304[0m 69.062 ms - -[0m
[0mGET /api/movies/ [36m304[0m 51.848 ms - -[0m
[0mGET /api/movies/ [36m304[0m 57.145 ms - -[0m
[0mGET /api/movies/ [36m304[0m 49.191 ms - -[0m
[0mGET /api/movies/ [36m304[0m 50.889 ms - -[0m
[0mGET /api/movies/ [36m304[0m 51.977 ms - -[0m
[0mGET /api/movies/ [36m304[0m 50.960 ms - -[0m
[0mGET /api/movies/ [36m304[0m 51.256 ms - -[0m
[0mGET /api/movies/ [36m304[0m 54.174 ms - -[0m
[0mGET /api/movies/ [36m304[0m 51.717 ms - -[0m
[0mGET /api/movies/ [36m304[0m 49.759 ms - -[0m
[0mGET /api/movies/ [36m304[0m 51.303 ms - -[0m
[0mGET /api/movies/ [36m304[0m 57.597 ms - -[0m
[0mGET /api/movies/ [36m304[0m 50.927 ms - -[0m
[0mGET /api/movies/ [36m304[0m 56.791 ms - -[0m
[0mGET /api/movies/ [36m304[0m 50.000 ms - -[0m
[0mGET /api/movies/ [36m304[0m 53.263 ms - -[0m
[0mGET /api/movies/ [36m304[0m 48.426 ms - -[0m
[0mGET /api/movies/ [36m304[0m 47.879 ms - -[0m
[0mGET /api/movies/ [36m304[0m 48.936 ms - -[0m
[0mGET /api/movies/ [36m304[0m 46.452 ms - -[0m
[0mGET /api/movies/ [36m304[0m 48.124 ms - -[0m
[0mGET /api/movies/ [36m304[0m 48.444 ms - -[0m
[0mGET /api/movies/ [36m304[0m 52.385 ms - -[0m
[0mGET /api/movies/ [36m304[0m 50.811 ms - -[0m
[0mGET /api/movies/ [36m304[0m 47.535 ms - -[0m
[0mGET /api/movies/ [36m304[0m 49.624 ms - -[0m
[0mGET /api/movies/ [36m304[0m 49.114 ms - -[0m
[0mGET /api/movies/ [36m304[0m 46.464 ms - -[0m
[0mGET /api/movies/ [36m304[0m 49.429 ms - -[0m
[0mGET /api/movies/ [36m304[0m 54.806 ms - -[0m
[0mGET /api/movies/ [36m304[0m 55.377 ms - -[0m
[0mGET /api/movies/ [36m304[0m 46.126 ms - -[0m
[0mGET /api/movies/ [36m304[0m 45.871 ms - -[0m
[0mGET /api/movies/ [36m304[0m 45.063 ms - -[0m
[0mGET /api/movies/ [36m304[0m 48.633 ms - -[0m
[0mGET /api/movies/ [36m304[0m 50.711 ms - -[0m
[0mGET /api/movies/ [36m304[0m 45.399 ms - -[0m
[0mGET /api/movies/ [36m304[0m 48.553 ms - -[0m
[0mGET /api/movies/ [36m304[0m 46.388 ms - -[0m
[0mGET /api/movies/ [36m304[0m 45.048 ms - -[0m
[0mGET /api/movies/ [36m304[0m 47.877 ms - -[0m
[0mGET /api/movies/ [36m304[0m 52.360 ms - -[0m
[0mGET /api/movies/ [36m304[0m 45.926 ms - -[0m
[0mGET /api/movies/ [36m304[0m 48.675 ms - -[0m
[0mGET /api/movies/ [36m304[0m 49.886 ms - -[0m
[0mGET /api/movies/ [36m304[0m 53.195 ms - -[0m
[0mGET /api/movies/ [36m304[0m 45.519 ms - -[0m
[0mGET /api/movies/ [36m304[0m 45.572 ms - -[0m
[0mGET /api/movies/ [36m304[0m 408.481 ms - -[0m
[0mGET /api/movies/ [36m304[0m 354.600 ms - -[0m
[0mPOST /api/movies [31m500[0m 34.098 ms - 55[0m
[0mPOST /api/movies [31m500[0m 32.224 ms - 55[0m
[0mPOST /api/movies/ [31m500[0m 37.662 ms - 55[0m
[0mPOST /api/movies/ [31m500[0m 1.433 ms - 55[0m
[0mPOST /api/movies/ [31m500[0m 31.662 ms - 55[0m
[0mPOST /api/movies/ [31m500[0m 31.873 ms - 55[0m
[0mGET /api/movies/ [36m304[0m 346.732 ms - -[0m
[0mGET /api/movies/ [36m304[0m 362.838 ms - -[0m
[0mPOST /api/movies/ [31m500[0m 38.472 ms - 55[0m
[0mGET /api/movies/ [36m304[0m 344.293 ms - -[0m
[0mGET /api/movies/ [36m304[0m 133.892 ms - -[0m
[0mGET /api/movies/ [36m304[0m 59.911 ms - -[0m
[0mGET /api/movies/ [36m304[0m 61.587 ms - -[0m
[0mGET /api/movies/ [36m304[0m 66.165 ms - -[0m
[0mGET /api/movies/ [36m304[0m 73.356 ms - -[0m
[0mGET /api/movies/ [36m304[0m 63.179 ms - -[0m
[0mGET /api/movies/ [36m304[0m 64.373 ms - -[0m
[0mGET /api/movies/ [36m304[0m 51.112 ms - -[0m
[0mGET /api/movies/ [36m304[0m 52.440 ms - -[0m
[0mGET /api/movies/ [36m304[0m 52.476 ms - -[0m
[0mGET /api/movies/ [36m304[0m 53.655 ms - -[0m
[0mGET /api/movies/ [36m304[0m 54.635 ms - -[0m
[0mGET /api/movies/ [36m304[0m 50.571 ms - -[0m
[0mGET /api/movies/ [36m304[0m 54.946 ms - -[0m
[0mGET /api/movies/ [36m304[0m 50.701 ms - -[0m
[0mGET /api/movies/ [36m304[0m 54.954 ms - -[0m
[0mGET /api/movies/ [36m304[0m 49.548 ms - -[0m
[0mGET /api/movies/ [36m304[0m 52.036 ms - -[0m
[0mGET /api/movies/ [36m304[0m 56.202 ms - -[0m
[0mGET /api/movies/ [36m304[0m 49.836 ms - -[0m
[0mGET /api/movies/ [36m304[0m 50.073 ms - -[0m
[0mGET /api/movies/ [36m304[0m 47.511 ms - -[0m
[0mGET /api/movies/ [36m304[0m 52.224 ms - -[0m
[0mGET /api/movies/ [36m304[0m 47.809 ms - -[0m
[0mGET /api/movies/ [36m304[0m 45.770 ms - -[0m
[0mGET /api/movies/ [36m304[0m 47.427 ms - -[0m
[0mGET /api/movies/ [36m304[0m 49.142 ms - -[0m
[0mGET /api/movies/ [36m304[0m 47.333 ms - -[0m
[0mGET /api/movies/ [36m304[0m 49.210 ms - -[0m
[0mGET /api/movies/ [36m304[0m 54.591 ms - -[0m
[0mGET /api/movies/ [36m304[0m 58.048 ms - -[0m
[0mGET /api/movies/ [36m304[0m 50.910 ms - -[0m
[0mGET /api/movies/ [36m304[0m 51.315 ms - -[0m
[0mGET /api/movies/ [36m304[0m 56.900 ms - -[0m
[0mGET /api/movies/ [36m304[0m 55.465 ms - -[0m
[0mGET /api/movies/ [36m304[0m 55.468 ms - -[0m
[0mGET /api/movies/ [36m304[0m 51.672 ms - -[0m
[0mGET /api/movies/ [36m304[0m 58.521 ms - -[0m
[0mGET /api/movies/ [36m304[0m 58.169 ms - -[0m
[0mGET /api/movies/ [36m304[0m 54.808 ms - -[0m
[0mGET /api/movies/ [36m304[0m 53.043 ms - -[0m
[0mGET /api/movies/ [36m304[0m 54.916 ms - -[0m
[0mGET /api/movies/ [36m304[0m 48.685 ms - -[0m
[0mGET /api/movies/ [36m304[0m 49.565 ms - -[0m
[0mGET /api/movies/ [36m304[0m 50.700 ms - -[0m
[0mGET /api/movies/ [36m304[0m 49.707 ms - -[0m
[0mGET /api/movies/ [36m304[0m 55.711 ms - -[0m
[0mGET /api/movies/ [36m304[0m 47.439 ms - -[0m
[0mGET /api/movies/ [36m304[0m 54.947 ms - -[0m
[0mGET /api/movies/ [36m304[0m 51.973 ms - -[0m
[0mGET /api/movies/ [36m304[0m 55.946 ms - -[0m
[0mGET /api/movies/ [36m304[0m 47.521 ms - -[0m
[0mGET /api/movies/ [36m304[0m 49.748 ms - -[0m
[0mGET /api/movies/ [36m304[0m 52.819 ms - -[0m
[0mGET /api/movies/ [36m304[0m 53.659 ms - -[0m
[0mGET /api/movies/ [36m304[0m 46.342 ms - -[0m
[0mGET /api/movies/ [36m304[0m 45.711 ms - -[0m
[0mGET /api/movies/ [36m304[0m 51.451 ms - -[0m
[0mGET /api/movies/ [36m304[0m 47.615 ms - -[0m
[0mGET /api/movies/ [36m304[0m 46.078 ms - -[0m
[0mGET /api/movies/ [36m304[0m 46.871 ms - -[0m
[0mGET /api/movies/ [36m304[0m 51.283 ms - -[0m
[0mGET /api/movies/ [36m304[0m 53.809 ms - -[0m
[0mGET /api/movies/ [36m304[0m 52.709 ms - -[0m
[0mGET /api/movies/ [36m304[0m 46.521 ms - -[0m
[0mGET /api/movies/ [36m304[0m 47.719 ms - -[0m
[0mGET /api/movies/ [36m304[0m 46.477 ms - -[0m
[0mGET /api/movies/ [36m304[0m 49.004 ms - -[0m
[0mGET /api/movies/ [36m304[0m 45.738 ms - -[0m
[0mGET /api/movies/ [36m304[0m 45.595 ms - -[0m
[0mGET /api/movies/ [36m304[0m 47.882 ms - -[0m
[0mGET /api/movies/ [36m304[0m 46.590 ms - -[0m
[0mGET /api/movies/ [36m304[0m 46.460 ms - -[0m
[0mGET /api/movies/ [36m304[0m 47.173 ms - -[0m
[0mGET /api/movies/ [36m304[0m 47.072 ms - -[0m
[0mGET /api/movies/ [36m304[0m 45.441 ms - -[0m
[0mGET /api/movies/ [36m304[0m 44.875 ms - -[0m
[0mGET /api/movies/ [36m304[0m 46.746 ms - -[0m
[0mGET /api/movies/ [36m304[0m 46.421 ms - -[0m
[0mGET /api/movies/ [36m304[0m 45.278 ms - -[0m
[0mGET /api/movies/ [36m304[0m 46.872 ms - -[0m
[0mGET /api/movies/ [36m304[0m 45.931 ms - -[0m
[0mGET /api/movies/ [36m304[0m 45.703 ms - -[0m
[0mGET /api/movies/ [36m304[0m 45.407 ms - -[0m
[0mGET /api/movies/ [36m304[0m 45.042 ms - -[0m
[0mGET /api/movies/ [36m304[0m 46.546 ms - -[0m
[0mGET /api/movies/ [36m304[0m 50.890 ms - -[0m
[0mGET /api/movies/ [36m304[0m 47.428 ms - -[0m
[0mGET /api/movies/ [36m304[0m 50.134 ms - -[0m
[0mGET /api/movies/ [36m304[0m 49.535 ms - -[0m
[0mGET /api/movies/ [36m304[0m 45.937 ms - -[0m
[0mGET /api/movies/ [36m304[0m 47.688 ms - -[0m
[0mGET /api/movies/ [36m304[0m 49.405 ms - -[0m
[0mGET /api/movies/ [0m-[0m - ms - -[0m
[0mPOST /api/movies/ [31m500[0m 72.943 ms - 61[0m
[0mPOST /api/movies/ [32m200[0m 446.309 ms - 37[0m
[0mPOST /api/movies/ [32m200[0m 97.869 ms - 37[0m
[0mGET /api/movies/ [32m200[0m 80.441 ms - 7365[0m
[0mGET /api/movies/ [36m304[0m 70.595 ms - -[0m
[0mGET /api/movies/ [36m304[0m 70.668 ms - -[0m
[0mGET /api/movies/ [36m304[0m 81.025 ms - -[0m
[0mGET /api/movies/ [36m304[0m 67.542 ms - -[0m
[0mGET /api/movies/ [36m304[0m 64.014 ms - -[0m
[0mGET /api/movies/ [36m304[0m 72.199 ms - -[0m
[0mGET /api/movies/ [36m304[0m 58.288 ms - -[0m
[0mGET /api/movies/ [36m304[0m 58.441 ms - -[0m
[0mGET /api/movies/ [36m304[0m 58.934 ms - -[0m
[0mGET /api/movies/ [36m304[0m 60.515 ms - -[0m
[0mGET /api/movies/ [36m304[0m 64.435 ms - -[0m
[0mGET /api/movies/ [36m304[0m 60.176 ms - -[0m
[0mGET /api/movies/ [36m304[0m 64.995 ms - -[0m
[0mGET /api/movies/ [36m304[0m 60.725 ms - -[0m
[0mGET /api/movies/ [36m304[0m 63.171 ms - -[0m
[0mGET /api/movies/ [36m304[0m 61.503 ms - -[0m
[0mGET /api/movies/ [36m304[0m 66.990 ms - -[0m
[0mGET /api/movies/ [36m304[0m 55.491 ms - -[0m
[0mGET /api/movies/ [36m304[0m 56.504 ms - -[0m
[0mGET /api/movies/ [36m304[0m 54.694 ms - -[0m
[0mGET /api/movies/ [36m304[0m 59.607 ms - -[0m
[0mGET /api/movies/ [36m304[0m 58.387 ms - -[0m
[0mGET /api/movies/ [36m304[0m 54.213 ms - -[0m
[0mGET /api/movies/ [36m304[0m 53.266 ms - -[0m
[0mGET /api/movies/ [36m304[0m 56.683 ms - -[0m
[0mGET /api/movies/ [36m304[0m 53.008 ms - -[0m
[0mGET /api/movies/ [36m304[0m 54.421 ms - -[0m
[0mGET /api/movies/ [36m304[0m 59.442 ms - -[0m
[0mGET /api/movies/ [36m304[0m 61.157 ms - -[0m
[0mGET /api/movies/ [36m304[0m 52.378 ms - -[0m
[0mGET /api/movies/ [36m304[0m 52.926 ms - -[0m
[0mGET /api/movies/ [36m304[0m 55.694 ms - -[0m
[0mGET /api/movies/ [36m304[0m 60.826 ms - -[0m
[0mGET /api/movies/ [36m304[0m 53.550 ms - -[0m
[0mGET /api/movies/ [36m304[0m 55.299 ms - -[0m
[0mGET /api/movies/ [36m304[0m 54.482 ms - -[0m
[0mGET /api/movies/ [36m304[0m 56.018 ms - -[0m
[0mGET /api/movies/ [36m304[0m 54.270 ms - -[0m
[0mGET /api/movies/ [36m304[0m 58.075 ms - -[0m
[0mGET /api/movies/ [36m304[0m 53.697 ms - -[0m
[0mGET /api/movies/ [36m304[0m 55.115 ms - -[0m
[0mGET /api/movies/ [36m304[0m 63.660 ms - -[0m
[0mGET /api/movies/ [36m304[0m 55.201 ms - -[0m
[0mGET /api/movies/ [36m304[0m 54.952 ms - -[0m
[0mGET /api/movies/ [36m304[0m 53.155 ms - -[0m
[0mGET /api/movies/ [36m304[0m 56.432 ms - -[0m
[0mGET /api/movies/ [36m304[0m 55.945 ms - -[0m
[0mGET /api/movies/ [36m304[0m 52.410 ms - -[0m
[0mGET /api/movies/ [36m304[0m 55.050 ms - -[0m
[0mGET /api/movies/ [36m304[0m 55.734 ms - -[0m
[0mGET /api/movies/ [36m304[0m 54.485 ms - -[0m
[0mGET /api/movies/ [36m304[0m 53.916 ms - -[0m
[0mGET /api/movies/ [36m304[0m 51.821 ms - -[0m
[0mGET /api/movies/ [36m304[0m 57.160 ms - -[0m
[0mGET /api/movies/ [36m304[0m 51.664 ms - -[0m
[0mGET /api/movies/ [36m304[0m 54.991 ms - -[0m
[0mGET /api/movies/ [36m304[0m 52.770 ms - -[0m
[0mGET /api/movies/ [36m304[0m 53.083 ms - -[0m
[0mGET /api/movies/ [36m304[0m 55.250 ms - -[0m
[0mGET /api/movies/ [36m304[0m 51.946 ms - -[0m
[0mGET /api/movies/ [36m304[0m 54.892 ms - -[0m
[0mGET /api/movies/ [36m304[0m 53.772 ms - -[0m
[0mGET /api/movies/ [36m304[0m 55.812 ms - -[0m
[0mGET /api/movies/ [36m304[0m 52.758 ms - -[0m
[0mGET /api/movies/ [36m304[0m 51.482 ms - -[0m
[0mGET /api/movies/ [36m304[0m 51.845 ms - -[0m
[0mGET /api/movies/ [36m304[0m 56.715 ms - -[0m
[0mGET /api/movies/ [36m304[0m 54.069 ms - -[0m
[0mGET /api/movies/ [36m304[0m 52.819 ms - -[0m
[0mGET /api/movies/ [36m304[0m 52.505 ms - -[0m
[0mGET /api/movies/ [36m304[0m 55.248 ms - -[0m
[0mGET /api/movies/ [36m304[0m 50.933 ms - -[0m
[0mGET /api/movies/ [36m304[0m 53.968 ms - -[0m
[0mGET /api/movies/ [36m304[0m 52.454 ms - -[0m
[0mGET /api/movies/ [36m304[0m 53.840 ms - -[0m
[0mGET /api/movies/ [36m304[0m 51.112 ms - -[0m
[0mGET /api/movies/ [36m304[0m 55.992 ms - -[0m
[0mGET /api/movies/ [36m304[0m 57.747 ms - -[0m
[0mGET /api/movies/ [36m304[0m 52.866 ms - -[0m
[0mGET /api/movies/ [36m304[0m 52.110 ms - -[0m
[0mGET /api/movies/ [36m304[0m 54.490 ms - -[0m
[0mGET /api/movies/ [36m304[0m 51.002 ms - -[0m
[0mGET /api/movies/ [36m304[0m 52.817 ms - -[0m
[0mGET /api/movies/ [36m304[0m 50.317 ms - -[0m
[0mGET /api/movies/ [36m304[0m 52.849 ms - -[0m
[0mGET /api/movies/ [36m304[0m 50.912 ms - -[0m
[0mGET /api/movies/ [36m304[0m 52.466 ms - -[0m
[0mGET /api/movies/ [36m304[0m 52.427 ms - -[0m
[0mGET /api/movies/ [36m304[0m 51.933 ms - -[0m
[0mGET /api/movies/ [36m304[0m 50.123 ms - -[0m
[0mGET /api/movies/ [36m304[0m 60.011 ms - -[0m
[0mGET /api/movies/ [36m304[0m 51.222 ms - -[0m
[0mGET /api/movies/ [36m304[0m 51.342 ms - -[0m
[0mGET /api/movies/ [36m304[0m 51.001 ms - -[0m
[0mGET /api/movies/ [36m304[0m 54.131 ms - -[0m
[0mGET /api/movies/ [36m304[0m 51.120 ms - -[0m
[0mGET /api/movies/ [36m304[0m 51.195 ms - -[0m
[0mGET /api/movies/ [36m304[0m 52.971 ms - -[0m
[0mGET /api/movies/ [36m304[0m 51.432 ms - -[0m
[0mGET /api/movies/ [36m304[0m 56.134 ms - -[0m
[0mGET /api/movies/ [36m304[0m 54.304 ms - -[0m
[0mGET /api/movies/ [36m304[0m 53.063 ms - -[0m
[0mGET /api/movies/ [36m304[0m 54.154 ms - -[0m
[0mGET /api/movies/ [36m304[0m 56.197 ms - -[0m
[0mGET /api/movies/ [36m304[0m 52.963 ms - -[0m
[0mGET /api/movies/ [36m304[0m 51.296 ms - -[0m
[0mGET /api/movies/ [36m304[0m 53.055 ms - -[0m
[0mGET /api/movies/ [36m304[0m 57.798 ms - -[0m
[0mGET /api/movies/ [36m304[0m 52.844 ms - -[0m
[0mGET /api/movies/ [36m304[0m 56.285 ms - -[0m
[0mGET /api/movies/ [36m304[0m 55.112 ms - -[0m
[0mGET /api/movies/ [36m304[0m 52.732 ms - -[0m
[0mGET /api/movies/ [36m304[0m 51.060 ms - -[0m
[0mGET /api/movies/ [36m304[0m 53.832 ms - -[0m
[0mGET /api/movies/ [36m304[0m 52.527 ms - -[0m
[0mGET /api/movies/ [36m304[0m 53.238 ms - -[0m
[0mGET /api/movies/ [36m304[0m 54.250 ms - -[0m
[0mGET /api/movies/ [36m304[0m 57.642 ms - -[0m
[0mGET /api/movies/ [36m304[0m 55.143 ms - -[0m
[0mGET /api/movies/ [36m304[0m 52.456 ms - -[0m
[0mGET /api/movies/ [36m304[0m 247.364 ms - -[0m
[0mGET /api/movies/ [36m304[0m 53.560 ms - -[0m
[0mGET /api/movies/ [36m304[0m 56.812 ms - -[0m
[0mGET /api/movies/ [36m304[0m 51.491 ms - -[0m
[0mGET /api/movies/ [36m304[0m 61.326 ms - -[0m
[0mGET /api/movies/ [36m304[0m 53.934 ms - -[0m
[0mGET /api/movies/ [36m304[0m 52.442 ms - -[0m
[0mGET /api/movies/ [36m304[0m 50.836 ms - -[0m
[0mGET /api/movies/ [36m304[0m 54.562 ms - -[0m
[0mGET /api/movies/ [36m304[0m 55.230 ms - -[0m
[0mGET /api/movies/ [36m304[0m 52.596 ms - -[0m
[0mGET /api/movies/ [36m304[0m 51.928 ms - -[0m
[0mGET /api/movies/ [36m304[0m 54.763 ms - -[0m
[0mGET /api/movies/ [36m304[0m 53.647 ms - -[0m
[0mGET /api/movies/ [36m304[0m 53.897 ms - -[0m
[0mGET /api/movies/ [36m304[0m 51.511 ms - -[0m
[0mGET /api/movies/ [36m304[0m 52.581 ms - -[0m
[0mGET /api/movies/ [36m304[0m 51.335 ms - -[0m
[0mGET /api/movies/ [36m304[0m 52.275 ms - -[0m
[0mGET /api/movies/ [36m304[0m 53.506 ms - -[0m
[0mGET /api/movies/ [36m304[0m 50.841 ms - -[0m
[0mGET /api/movies/ [36m304[0m 50.796 ms - -[0m
[0mGET /api/movies/ [36m304[0m 49.916 ms - -[0m
[0mGET /api/movies/ [36m304[0m 56.825 ms - -[0m
[0mGET /api/movies/ [36m304[0m 52.218 ms - -[0m
[0mGET /api/movies/ [36m304[0m 53.089 ms - -[0m
[0mGET /api/movies/ [36m304[0m 52.569 ms - -[0m
[0mGET /api/movies/ [36m304[0m 54.599 ms - -[0m
[0mGET /api/movies/ [36m304[0m 53.788 ms - -[0m
[0mGET /api/movies/ [36m304[0m 60.120 ms - -[0m
[0mGET /api/movies/ [36m304[0m 50.414 ms - -[0m
[0mGET /api/movies/ [36m304[0m 51.237 ms - -[0m
[0mGET /api/movies/ [36m304[0m 52.747 ms - -[0m
[0mGET /api/movies/ [36m304[0m 51.966 ms - -[0m
[0mGET /api/movies/ [36m304[0m 50.857 ms - -[0m
[0mGET /api/movies/ [36m304[0m 50.499 ms - -[0m
[0mGET /api/movies/ [36m304[0m 53.227 ms - -[0m
[0mGET /api/movies/ [36m304[0m 52.249 ms - -[0m
[0mGET /api/movies/ [36m304[0m 53.872 ms - -[0m
[0mGET /api/movies/ [36m304[0m 50.620 ms - -[0m
[0mGET /api/movies/ [36m304[0m 51.048 ms - -[0m
[0mGET /api/movies/ [36m304[0m 54.319 ms - -[0m
[0mGET /api/movies/ [36m304[0m 51.323 ms - -[0m
[0mGET /api/movies/ [36m304[0m 55.207 ms - -[0m
[0mGET /api/movies/ [36m304[0m 50.326 ms - -[0m
[0mGET /api/movies/ [36m304[0m 51.563 ms - -[0m
[0mGET /api/movies/ [36m304[0m 50.442 ms - -[0m
[0mGET /api/movies/ [36m304[0m 52.593 ms - -[0m
[0mGET /api/movies/ [36m304[0m 54.636 ms - -[0m
[0mGET /api/movies/ [36m304[0m 52.800 ms - -[0m
[0mGET /api/movies/ [36m304[0m 50.095 ms - -[0m
[0mGET /api/movies/ [36m304[0m 53.850 ms - -[0m
[0mGET /api/movies/ [36m304[0m 52.563 ms - -[0m
[0mGET /api/movies/ [36m304[0m 51.046 ms - -[0m
[0mGET /api/movies/ [36m304[0m 51.152 ms - -[0m
[0mGET /api/movies/ [36m304[0m 52.185 ms - -[0m
[0mGET /api/movies/ [36m304[0m 55.193 ms - -[0m
[0mGET /api/movies/ [36m304[0m 51.637 ms - -[0m
[0mGET /api/movies/ [36m304[0m 51.753 ms - -[0m
[0mGET /api/movies/ [36m304[0m 50.639 ms - -[0m
[0mGET /api/movies/ [36m304[0m 52.047 ms - -[0m
[0mGET /api/movies/ [36m304[0m 50.608 ms - -[0m
[0mGET /api/movies/ [36m304[0m 52.611 ms - -[0m
[0mGET /api/movies/ [36m304[0m 51.373 ms - -[0m
[0mGET /api/movies/ [36m304[0m 61.435 ms - -[0m
[0mGET /api/movies/ [36m304[0m 54.079 ms - -[0m
[0mGET /api/movies/ [36m304[0m 53.028 ms - -[0m
[0mGET /api/movies/ [36m304[0m 49.994 ms - -[0m
[0mGET /api/movies/ [36m304[0m 52.163 ms - -[0m
[0mGET /api/movies/ [36m304[0m 51.063 ms - -[0m
[0mGET /api/movies/ [36m304[0m 50.445 ms - -[0m
[0mGET /api/movies/ [36m304[0m 50.634 ms - -[0m
[0mGET /api/movies/ [36m304[0m 51.939 ms - -[0m
[0mGET /api/movies/ [36m304[0m 51.399 ms - -[0m
[0mGET /api/movies/ [36m304[0m 50.149 ms - -[0m
[0mGET /api/movies/ [36m304[0m 52.855 ms - -[0m
[0mGET /api/movies/ [36m304[0m 51.707 ms - -[0m
[0mGET /api/movies/ [36m304[0m 53.031 ms - -[0m
[0mGET /api/movies/ [36m304[0m 50.517 ms - -[0m
[0mGET /api/movies/ [36m304[0m 53.892 ms - -[0m
[0mGET /api/movies/ [36m304[0m 337.914 ms - -[0m
[0mGET /api/movies/ [36m304[0m 366.193 ms - -[0m
[0mGET /api/movies/ [36m304[0m 326.472 ms - -[0m
[0mGET /api/movies/ [32m200[0m 373.440 ms - 7365[0m
[0mGET /api/movies/ [32m200[0m 327.653 ms - 7365[0m
[0mGET /api/movies/ [36m304[0m 355.791 ms - -[0m
[0mGET /api/movies/ [0m-[0m - ms - -[0m
[0mGET /api/movies/ [32m200[0m 76.047 ms - 7365[0m
[0mGET /api/movies/ [36m304[0m 350.229 ms - -[0m
[0mGET /api/movies/ [36m304[0m 345.144 ms - -[0m
[0mGET /api/movies/ [36m304[0m 328.614 ms - -[0m
[0mDELETE /api/notes/5ecc34cd88b2f240e838bd00 [33m404[0m 4.582 ms - 176[0m
[0mGET /api/movies/ [36m304[0m 433.430 ms - -[0m
[0mDELETE /api/movies/5ecc34cd88b2f240e838bd00 [32m200[0m 60.808 ms - 39[0m
[0mGET /api/movies/ [32m200[0m 344.037 ms - 7120[0m
[0mDELETE /api/movies/5ece4552fee0b62c489d4b66 [32m200[0m 62.231 ms - 39[0m
[0mDELETE /api/movies/5ecc34cd88b2f240e838bcea [32m200[0m 45.526 ms - 39[0m
[0mGET /api/movies/ [32m200[0m 453.911 ms - 6623[0m
[0mGET /api/movies/ [36m304[0m 365.662 ms - -[0m
[0mGET /api/movies/ [36m304[0m 381.254 ms - -[0m
[0mGET /api/movies/ [36m304[0m 380.958 ms - -[0m
[0mGET /api/movies/ [36m304[0m 351.476 ms - -[0m
[0mGET /api/movies/ [36m304[0m 459.824 ms - -[0m
[0mDELETE /api/movies/5ecc34cd88b2f240e838bcfa [32m200[0m 83.519 ms - 39[0m
[0mGET /api/movies/ [32m200[0m 437.009 ms - 6358[0m
[0mGET /api/movies/ [36m304[0m 56.995 ms - -[0m
[0mGET /api/movies/ [36m304[0m 347.926 ms - -[0m
[0mGET /api/movies/ [36m304[0m 359.074 ms - -[0m
[0mGET /api/movies/ [32m200[0m 329.951 ms - 6358[0m
[0mGET /api/movies/ [32m200[0m 348.225 ms - 6358[0m
[0mGET /api/movies/ [36m304[0m 346.181 ms - -[0m
[0mGET /api/movies/ [36m304[0m 367.625 ms - -[0m
[0mGET /api/movies/ [36m304[0m 352.870 ms - -[0m
